[2019-04-14 09:43:56.779] [exthost] [info] extension host started
[2019-04-14 09:43:57.636] [exthost] [info] extension host started
[2019-04-14 09:43:57.667] [exthost] [info] ExtensionService#_doActivateExtension vscode.debug-auto-launch {"startup":true,"activationEvent":"*"}
[2019-04-14 09:43:57.667] [exthost] [info] ExtensionService#loadCommonJSModule c:\Users\suman\.codemix\engine\resources\app\extensions\debug-auto-launch\dist\extension
[2019-04-14 09:43:57.675] [exthost] [info] ExtensionService#_doActivateExtension vscode.emmet {"startup":true,"activationEvent":"*"}
[2019-04-14 09:43:57.675] [exthost] [info] ExtensionService#loadCommonJSModule c:\Users\suman\.codemix\engine\resources\app\extensions\emmet\dist\extension
[2019-04-14 09:43:57.711] [exthost] [info] ExtensionService#_doActivateExtension vscode.merge-conflict {"startup":true,"activationEvent":"*"}
[2019-04-14 09:43:57.711] [exthost] [info] ExtensionService#loadCommonJSModule c:\Users\suman\.codemix\engine\resources\app\extensions\merge-conflict\dist\extension
[2019-04-14 09:43:57.725] [exthost] [info] ExtensionService#_doActivateExtension christian-kohler.path-intellisense {"startup":true,"activationEvent":"*"}
[2019-04-14 09:43:57.725] [exthost] [info] ExtensionService#loadCommonJSModule C:\Users\suman\.codemix\extensions\christian-kohler.path-intellisense-1.4.2\out\src\extension
[2019-04-14 09:43:57.759] [exthost] [info] ExtensionService#_doActivateExtension dbaeumer.vscode-eslint {"startup":true,"activationEvent":"*"}
[2019-04-14 09:43:57.759] [exthost] [info] ExtensionService#loadCommonJSModule C:\Users\suman\.codemix\extensions\dbaeumer.vscode-eslint-1.8.2\client\out\extension
[2019-04-14 09:43:57.847] [exthost] [info] ExtensionService#_doActivateExtension formulahendry.auto-close-tag {"startup":true,"activationEvent":"*"}
[2019-04-14 09:43:57.847] [exthost] [info] ExtensionService#loadCommonJSModule C:\Users\suman\.codemix\extensions\formulahendry.auto-close-tag-0.5.6\out\src\extension
[2019-04-14 09:43:57.851] [exthost] [info] ExtensionService#_doActivateExtension formulahendry.auto-rename-tag {"startup":true,"activationEvent":"*"}
[2019-04-14 09:43:57.851] [exthost] [info] ExtensionService#loadCommonJSModule C:\Users\suman\.codemix\extensions\formulahendry.auto-rename-tag-0.0.15\out\src\extension
[2019-04-14 09:43:57.859] [exthost] [info] ExtensionService#_doActivateExtension vscode.configuration-editing {"startup":false,"activationEvent":"onLanguage:jsonc"}
[2019-04-14 09:43:57.859] [exthost] [info] ExtensionService#loadCommonJSModule c:\Users\suman\.codemix\engine\resources\app\extensions\configuration-editing\dist\extension
[2019-04-14 09:43:57.875] [exthost] [info] ExtensionService#_doActivateExtension vscode.json-language-features {"startup":false,"activationEvent":"onLanguage:jsonc"}
[2019-04-14 09:43:57.875] [exthost] [info] ExtensionService#loadCommonJSModule c:\Users\suman\.codemix\engine\resources\app\extensions\json-language-features\client\dist\jsonMain
[2019-04-14 09:43:57.994] [exthost] [info] ExtensionService#_doActivateExtension vscode.typescript-language-features {"startup":false,"activationEvent":"onLanguage:jsonc"}
[2019-04-14 09:43:57.994] [exthost] [info] ExtensionService#loadCommonJSModule c:\Users\suman\.codemix\engine\resources\app\extensions\typescript-language-features\dist\extension
[2019-04-14 09:43:58.126] [exthost] [info] ExtensionService#_doActivateExtension vscode.grunt {"startup":false,"activationEvent":"onCommand:workbench.action.tasks.runTask"}
[2019-04-14 09:43:58.126] [exthost] [info] ExtensionService#loadCommonJSModule c:\Users\suman\.codemix\engine\resources\app\extensions\grunt\dist\main
[2019-04-14 09:43:58.134] [exthost] [info] ExtensionService#_doActivateExtension vscode.gulp {"startup":false,"activationEvent":"onCommand:workbench.action.tasks.runTask"}
[2019-04-14 09:43:58.134] [exthost] [info] ExtensionService#loadCommonJSModule c:\Users\suman\.codemix\engine\resources\app\extensions\gulp\dist\main
[2019-04-14 09:43:58.143] [exthost] [info] ExtensionService#_doActivateExtension vscode.jake {"startup":false,"activationEvent":"onCommand:workbench.action.tasks.runTask"}
[2019-04-14 09:43:58.143] [exthost] [info] ExtensionService#loadCommonJSModule c:\Users\suman\.codemix\engine\resources\app\extensions\jake\dist\main
[2019-04-14 09:43:58.151] [exthost] [info] ExtensionService#_doActivateExtension vscode.npm {"startup":false,"activationEvent":"onCommand:workbench.action.tasks.runTask"}
[2019-04-14 09:43:58.151] [exthost] [info] ExtensionService#loadCommonJSModule c:\Users\suman\.codemix\engine\resources\app\extensions\npm\dist\main
[2019-04-14 09:43:58.189] [exthost] [info] eager extensions activated
