[2019-04-08 15:53:13.707] [exthost1] [info] extension host started
[2019-04-08 15:53:14.112] [exthost1] [info] extension host started
[2019-04-08 15:53:14.141] [exthost1] [info] ExtensionService#_doActivateExtension vscode.debug-auto-launch {"startup":true,"activationEvent":"*"}
[2019-04-08 15:53:14.141] [exthost1] [info] ExtensionService#loadCommonJSModule c:\Users\suman\.codemix\engine\resources\app\extensions\debug-auto-launch\out\extension
[2019-04-08 15:53:14.152] [exthost1] [info] ExtensionService#_doActivateExtension vscode.emmet {"startup":true,"activationEvent":"*"}
[2019-04-08 15:53:14.152] [exthost1] [info] ExtensionService#loadCommonJSModule c:\Users\suman\.codemix\engine\resources\app\extensions\emmet\dist\extension
[2019-04-08 15:53:14.216] [exthost1] [info] ExtensionService#_doActivateExtension vscode.merge-conflict {"startup":true,"activationEvent":"*"}
[2019-04-08 15:53:14.216] [exthost1] [info] ExtensionService#loadCommonJSModule c:\Users\suman\.codemix\engine\resources\app\extensions\merge-conflict\out\extension
[2019-04-08 15:53:14.240] [exthost1] [info] ExtensionService#_doActivateExtension vscode.search-rg {"startup":true,"activationEvent":"*"}
[2019-04-08 15:53:14.240] [exthost1] [info] ExtensionService#loadCommonJSModule c:\Users\suman\.codemix\engine\resources\app\extensions\search-rg\out\extension
[2019-04-08 15:53:14.251] [exthost1] [info] ExtensionService#_doActivateExtension christian-kohler.path-intellisense {"startup":true,"activationEvent":"*"}
[2019-04-08 15:53:14.251] [exthost1] [info] ExtensionService#loadCommonJSModule C:\Users\suman\.codemix\extensions\christian-kohler.path-intellisense-1.4.2\out\src\extension
[2019-04-08 15:53:14.295] [exthost1] [info] ExtensionService#_doActivateExtension dbaeumer.vscode-eslint {"startup":true,"activationEvent":"*"}
[2019-04-08 15:53:14.295] [exthost1] [info] ExtensionService#loadCommonJSModule C:\Users\suman\.codemix\extensions\dbaeumer.vscode-eslint-1.4.10\client\out\extension
[2019-04-08 15:53:14.814] [exthost1] [info] ExtensionService#_doActivateExtension formulahendry.auto-close-tag {"startup":true,"activationEvent":"*"}
[2019-04-08 15:53:14.814] [exthost1] [info] ExtensionService#loadCommonJSModule C:\Users\suman\.codemix\extensions\formulahendry.auto-close-tag-0.5.6\out\src\extension
[2019-04-08 15:53:14.823] [exthost1] [info] ExtensionService#_doActivateExtension formulahendry.auto-rename-tag {"startup":true,"activationEvent":"*"}
[2019-04-08 15:53:14.823] [exthost1] [info] ExtensionService#loadCommonJSModule C:\Users\suman\.codemix\extensions\formulahendry.auto-rename-tag-0.0.15\out\src\extension
[2019-04-08 15:53:14.863] [exthost1] [info] ExtensionService#_doActivateExtension vscode.configuration-editing {"startup":false,"activationEvent":"onLanguage:jsonc"}
[2019-04-08 15:53:14.863] [exthost1] [info] ExtensionService#loadCommonJSModule c:\Users\suman\.codemix\engine\resources\app\extensions\configuration-editing\out\extension
[2019-04-08 15:53:14.962] [exthost1] [info] ExtensionService#_doActivateExtension vscode.json-language-features {"startup":false,"activationEvent":"onLanguage:jsonc"}
[2019-04-08 15:53:14.962] [exthost1] [info] ExtensionService#loadCommonJSModule c:\Users\suman\.codemix\engine\resources\app\extensions\json-language-features\client\dist\jsonMain
[2019-04-08 15:53:16.141] [exthost1] [info] ExtensionService#_doActivateExtension vscode.typescript-language-features {"startup":false,"activationEvent":"onLanguage:jsonc"}
[2019-04-08 15:53:16.141] [exthost1] [info] ExtensionService#loadCommonJSModule c:\Users\suman\.codemix\engine\resources\app\extensions\typescript-language-features\dist\extension
[2019-04-08 15:53:16.864] [exthost1] [info] ExtensionService#_doActivateExtension vscode.grunt {"startup":false,"activationEvent":"onCommand:workbench.action.tasks.runTask"}
[2019-04-08 15:53:16.864] [exthost1] [info] ExtensionService#loadCommonJSModule c:\Users\suman\.codemix\engine\resources\app\extensions\grunt\out\main
[2019-04-08 15:53:16.931] [exthost1] [info] ExtensionService#_doActivateExtension vscode.gulp {"startup":false,"activationEvent":"onCommand:workbench.action.tasks.runTask"}
[2019-04-08 15:53:16.931] [exthost1] [info] ExtensionService#loadCommonJSModule c:\Users\suman\.codemix\engine\resources\app\extensions\gulp\out\main
[2019-04-08 15:53:16.997] [exthost1] [info] ExtensionService#_doActivateExtension vscode.jake {"startup":false,"activationEvent":"onCommand:workbench.action.tasks.runTask"}
[2019-04-08 15:53:16.997] [exthost1] [info] ExtensionService#loadCommonJSModule c:\Users\suman\.codemix\engine\resources\app\extensions\jake\out\main
[2019-04-08 15:53:17.064] [exthost1] [info] ExtensionService#_doActivateExtension vscode.npm {"startup":false,"activationEvent":"onCommand:workbench.action.tasks.runTask"}
[2019-04-08 15:53:17.064] [exthost1] [info] ExtensionService#loadCommonJSModule c:\Users\suman\.codemix\engine\resources\app\extensions\npm\out\main
[2019-04-08 15:53:18.590] [exthost1] [info] eager extensions activated
